[1.219s] Invoking command in '/home/rmplplus/ros2_oct25/src/my_robot': PYTHONPATH=/home/rmplplus/ros2_oct25/build/my_robot/prefix_override:/home/rmplplus/ros2_oct25/install/my_robot/lib/python3.10/site-packages:${PYTHONPATH} /usr/bin/python3 setup.py egg_info --egg-base ../../build/my_robot build --build-base /home/rmplplus/ros2_oct25/build/my_robot/build install --record /home/rmplplus/ros2_oct25/build/my_robot/install.log --single-version-externally-managed
[1.547s] running egg_info
[1.548s] writing ../../build/my_robot/my_robot.egg-info/PKG-INFO
[1.548s] writing dependency_links to ../../build/my_robot/my_robot.egg-info/dependency_links.txt
[1.548s] writing entry points to ../../build/my_robot/my_robot.egg-info/entry_points.txt
[1.548s] writing requirements to ../../build/my_robot/my_robot.egg-info/requires.txt
[1.548s] writing top-level names to ../../build/my_robot/my_robot.egg-info/top_level.txt
[1.550s] reading manifest file '../../build/my_robot/my_robot.egg-info/SOURCES.txt'
[1.551s] writing manifest file '../../build/my_robot/my_robot.egg-info/SOURCES.txt'
[1.551s] running build
[1.552s] running build_py
[1.552s] running install
[1.553s] running install_lib
[1.554s] running install_data
[1.555s] running install_egg_info
[1.557s] removing '/home/rmplplus/ros2_oct25/install/my_robot/lib/python3.10/site-packages/my_robot-0.0.0-py3.10.egg-info' (and everything under it)
[1.558s] Copying ../../build/my_robot/my_robot.egg-info to /home/rmplplus/ros2_oct25/install/my_robot/lib/python3.10/site-packages/my_robot-0.0.0-py3.10.egg-info
[1.559s] running install_scripts
[1.589s] writing list of installed files to '/home/rmplplus/ros2_oct25/build/my_robot/install.log'
[1.621s] Invoked command in '/home/rmplplus/ros2_oct25/src/my_robot' returned '0': PYTHONPATH=/home/rmplplus/ros2_oct25/build/my_robot/prefix_override:/home/rmplplus/ros2_oct25/install/my_robot/lib/python3.10/site-packages:${PYTHONPATH} /usr/bin/python3 setup.py egg_info --egg-base ../../build/my_robot build --build-base /home/rmplplus/ros2_oct25/build/my_robot/build install --record /home/rmplplus/ros2_oct25/build/my_robot/install.log --single-version-externally-managed
