[0.337s] Invoking command in '/home/rmplplus/ros2_oct25/build/motaco_tutorial': CMAKE_PREFIX_PATH=${CMAKE_PREFIX_PATH}:/home/rmplplus/ros2_oct25/install/my_robot:/home/rmplplus/ws_moveit/install/jdhmove_pkg:/home/rmplplus/ws_moveit/install/moveit_configs_utils:/home/rmplplus/ros2_ws/install/my_robot_controller:/opt/ros/humble /usr/bin/cmake --build /home/rmplplus/ros2_oct25/build/motaco_tutorial -- -j8 -l8
[0.415s] [35m[1mConsolidate compiler generated dependencies of target jdh_motaco[0m
[0.452s] [100%] Built target jdh_motaco
[0.868s] Invoked command in '/home/rmplplus/ros2_oct25/build/motaco_tutorial' returned '0': CMAKE_PREFIX_PATH=${CMAKE_PREFIX_PATH}:/home/rmplplus/ros2_oct25/install/my_robot:/home/rmplplus/ws_moveit/install/jdhmove_pkg:/home/rmplplus/ws_moveit/install/moveit_configs_utils:/home/rmplplus/ros2_ws/install/my_robot_controller:/opt/ros/humble /usr/bin/cmake --build /home/rmplplus/ros2_oct25/build/motaco_tutorial -- -j8 -l8
[0.937s] Invoking command in '/home/rmplplus/ros2_oct25/build/motaco_tutorial': CMAKE_PREFIX_PATH=${CMAKE_PREFIX_PATH}:/home/rmplplus/ros2_oct25/install/my_robot:/home/rmplplus/ws_moveit/install/jdhmove_pkg:/home/rmplplus/ws_moveit/install/moveit_configs_utils:/home/rmplplus/ros2_ws/install/my_robot_controller:/opt/ros/humble /usr/bin/cmake --install /home/rmplplus/ros2_oct25/build/motaco_tutorial
[0.951s] -- Install configuration: "Release"
[0.951s] -- Up-to-date: /home/rmplplus/ros2_oct25/install/motaco_tutorial/lib/motaco_tutorial/jdh_motaco
[0.952s] -- Up-to-date: /home/rmplplus/ros2_oct25/install/motaco_tutorial/share/motaco_tutorial/launch
[0.952s] -- Up-to-date: /home/rmplplus/ros2_oct25/install/motaco_tutorial/share/motaco_tutorial/launch/motaco_demo.launch.py
[0.952s] -- Up-to-date: /home/rmplplus/ros2_oct25/install/motaco_tutorial/share/motaco_tutorial/launch/pick_place_demo.launch.py
[0.953s] -- Up-to-date: /home/rmplplus/ros2_oct25/install/motaco_tutorial/share/ament_index/resource_index/package_run_dependencies/motaco_tutorial
[0.953s] -- Up-to-date: /home/rmplplus/ros2_oct25/install/motaco_tutorial/share/ament_index/resource_index/parent_prefix_path/motaco_tutorial
[0.953s] -- Up-to-date: /home/rmplplus/ros2_oct25/install/motaco_tutorial/share/motaco_tutorial/environment/ament_prefix_path.sh
[0.953s] -- Up-to-date: /home/rmplplus/ros2_oct25/install/motaco_tutorial/share/motaco_tutorial/environment/ament_prefix_path.dsv
[0.954s] -- Up-to-date: /home/rmplplus/ros2_oct25/install/motaco_tutorial/share/motaco_tutorial/environment/path.sh
[0.954s] -- Up-to-date: /home/rmplplus/ros2_oct25/install/motaco_tutorial/share/motaco_tutorial/environment/path.dsv
[0.954s] -- Up-to-date: /home/rmplplus/ros2_oct25/install/motaco_tutorial/share/motaco_tutorial/local_setup.bash
[0.954s] -- Up-to-date: /home/rmplplus/ros2_oct25/install/motaco_tutorial/share/motaco_tutorial/local_setup.sh
[0.954s] -- Up-to-date: /home/rmplplus/ros2_oct25/install/motaco_tutorial/share/motaco_tutorial/local_setup.zsh
[0.954s] -- Up-to-date: /home/rmplplus/ros2_oct25/install/motaco_tutorial/share/motaco_tutorial/local_setup.dsv
[0.954s] -- Installing: /home/rmplplus/ros2_oct25/install/motaco_tutorial/share/motaco_tutorial/package.dsv
[0.954s] -- Up-to-date: /home/rmplplus/ros2_oct25/install/motaco_tutorial/share/ament_index/resource_index/packages/motaco_tutorial
[0.954s] -- Up-to-date: /home/rmplplus/ros2_oct25/install/motaco_tutorial/share/motaco_tutorial/cmake/motaco_tutorialConfig.cmake
[0.955s] -- Up-to-date: /home/rmplplus/ros2_oct25/install/motaco_tutorial/share/motaco_tutorial/cmake/motaco_tutorialConfig-version.cmake
[0.955s] -- Up-to-date: /home/rmplplus/ros2_oct25/install/motaco_tutorial/share/motaco_tutorial/package.xml
[1.033s] Invoked command in '/home/rmplplus/ros2_oct25/build/motaco_tutorial' returned '0': CMAKE_PREFIX_PATH=${CMAKE_PREFIX_PATH}:/home/rmplplus/ros2_oct25/install/my_robot:/home/rmplplus/ws_moveit/install/jdhmove_pkg:/home/rmplplus/ws_moveit/install/moveit_configs_utils:/home/rmplplus/ros2_ws/install/my_robot_controller:/opt/ros/humble /usr/bin/cmake --install /home/rmplplus/ros2_oct25/build/motaco_tutorial
