[0.386s] Invoking command in '/home/rmplplus/ros2_oct25/build/motaco_tutorial': CMAKE_PREFIX_PATH=${CMAKE_PREFIX_PATH}:/home/rmplplus/ros2_oct25/install/my_robot:/home/rmplplus/ws_moveit/install/jdhmove_pkg:/home/rmplplus/ws_moveit/install/moveit_configs_utils:/home/rmplplus/ros2_ws/install/my_robot_controller:/opt/ros/humble /usr/bin/cmake --build /home/rmplplus/ros2_oct25/build/motaco_tutorial -- -j8 -l8
[0.472s] [35m[1mConsolidate compiler generated dependencies of target jdh_motaco[0m
[0.515s] [ 50%] [32mBuilding CXX object CMakeFiles/jdh_motaco.dir/src/jdh_motaco.cpp.o[0m
[13.265s] [100%] [32m[1mLinking CXX executable jdh_motaco[0m
[13.638s] [100%] Built target jdh_motaco
[13.654s] Invoked command in '/home/rmplplus/ros2_oct25/build/motaco_tutorial' returned '0': CMAKE_PREFIX_PATH=${CMAKE_PREFIX_PATH}:/home/rmplplus/ros2_oct25/install/my_robot:/home/rmplplus/ws_moveit/install/jdhmove_pkg:/home/rmplplus/ws_moveit/install/moveit_configs_utils:/home/rmplplus/ros2_ws/install/my_robot_controller:/opt/ros/humble /usr/bin/cmake --build /home/rmplplus/ros2_oct25/build/motaco_tutorial -- -j8 -l8
[13.705s] Invoking command in '/home/rmplplus/ros2_oct25/build/motaco_tutorial': CMAKE_PREFIX_PATH=${CMAKE_PREFIX_PATH}:/home/rmplplus/ros2_oct25/install/my_robot:/home/rmplplus/ws_moveit/install/jdhmove_pkg:/home/rmplplus/ws_moveit/install/moveit_configs_utils:/home/rmplplus/ros2_ws/install/my_robot_controller:/opt/ros/humble /usr/bin/cmake --install /home/rmplplus/ros2_oct25/build/motaco_tutorial
[13.717s] -- Install configuration: "Release"
[13.717s] -- Installing: /home/rmplplus/ros2_oct25/install/motaco_tutorial/lib/motaco_tutorial/jdh_motaco
[13.718s] -- Set runtime path of "/home/rmplplus/ros2_oct25/install/motaco_tutorial/lib/motaco_tutorial/jdh_motaco" to ""
[13.719s] -- Up-to-date: /home/rmplplus/ros2_oct25/install/motaco_tutorial/share/motaco_tutorial/launch
[13.719s] -- Up-to-date: /home/rmplplus/ros2_oct25/install/motaco_tutorial/share/motaco_tutorial/launch/motaco_demo.launch.py
[13.719s] -- Up-to-date: /home/rmplplus/ros2_oct25/install/motaco_tutorial/share/motaco_tutorial/launch/pick_place_demo.launch.py
[13.719s] -- Up-to-date: /home/rmplplus/ros2_oct25/install/motaco_tutorial/share/ament_index/resource_index/package_run_dependencies/motaco_tutorial
[13.719s] -- Up-to-date: /home/rmplplus/ros2_oct25/install/motaco_tutorial/share/ament_index/resource_index/parent_prefix_path/motaco_tutorial
[13.719s] -- Up-to-date: /home/rmplplus/ros2_oct25/install/motaco_tutorial/share/motaco_tutorial/environment/ament_prefix_path.sh
[13.719s] -- Up-to-date: /home/rmplplus/ros2_oct25/install/motaco_tutorial/share/motaco_tutorial/environment/ament_prefix_path.dsv
[13.720s] -- Up-to-date: /home/rmplplus/ros2_oct25/install/motaco_tutorial/share/motaco_tutorial/environment/path.sh
[13.720s] -- Up-to-date: /home/rmplplus/ros2_oct25/install/motaco_tutorial/share/motaco_tutorial/environment/path.dsv
[13.720s] -- Up-to-date: /home/rmplplus/ros2_oct25/install/motaco_tutorial/share/motaco_tutorial/local_setup.bash
[13.720s] -- Up-to-date: /home/rmplplus/ros2_oct25/install/motaco_tutorial/share/motaco_tutorial/local_setup.sh
[13.720s] -- Up-to-date: /home/rmplplus/ros2_oct25/install/motaco_tutorial/share/motaco_tutorial/local_setup.zsh
[13.720s] -- Up-to-date: /home/rmplplus/ros2_oct25/install/motaco_tutorial/share/motaco_tutorial/local_setup.dsv
[13.720s] -- Installing: /home/rmplplus/ros2_oct25/install/motaco_tutorial/share/motaco_tutorial/package.dsv
[13.720s] -- Up-to-date: /home/rmplplus/ros2_oct25/install/motaco_tutorial/share/ament_index/resource_index/packages/motaco_tutorial
[13.721s] -- Up-to-date: /home/rmplplus/ros2_oct25/install/motaco_tutorial/share/motaco_tutorial/cmake/motaco_tutorialConfig.cmake
[13.721s] -- Up-to-date: /home/rmplplus/ros2_oct25/install/motaco_tutorial/share/motaco_tutorial/cmake/motaco_tutorialConfig-version.cmake
[13.722s] -- Up-to-date: /home/rmplplus/ros2_oct25/install/motaco_tutorial/share/motaco_tutorial/package.xml
[13.723s] Invoked command in '/home/rmplplus/ros2_oct25/build/motaco_tutorial' returned '0': CMAKE_PREFIX_PATH=${CMAKE_PREFIX_PATH}:/home/rmplplus/ros2_oct25/install/my_robot:/home/rmplplus/ws_moveit/install/jdhmove_pkg:/home/rmplplus/ws_moveit/install/moveit_configs_utils:/home/rmplplus/ros2_ws/install/my_robot_controller:/opt/ros/humble /usr/bin/cmake --install /home/rmplplus/ros2_oct25/build/motaco_tutorial
