[0.511s] Invoking command in '/home/rmplplus/ros2_oct25/build/jdh_moveit': CMAKE_PREFIX_PATH=${CMAKE_PREFIX_PATH}:/home/rmplplus/ros2_oct25/install/my_robot:/home/rmplplus/ws_moveit/install/jdhmove_pkg:/home/rmplplus/ws_moveit/install/moveit_configs_utils:/home/rmplplus/ros2_ws/install/my_robot_controller:/opt/ros/humble /usr/bin/cmake /home/rmplplus/ros2_oct25/src/jdh_moveit -DCMAKE_INSTALL_PREFIX=/home/rmplplus/ros2_oct25/install/jdh_moveit
[0.534s] -- Found ament_cmake: 1.3.5 (/opt/ros/humble/share/ament_cmake/cmake)
[0.726s] -- Found moveit_ros_planning_interface: 2.8.0 (/home/rmplplus/ws_moveit/install/moveit_ros_planning_interface/share/moveit_ros_planning_interface/cmake)
[0.744s] -- Found Boost: /usr/lib/x86_64-linux-gnu/cmake/Boost-1.74.0/BoostConfig.cmake (found version "1.74.0") found components: date_time filesystem program_options system thread 
[0.778s] -- Found rosidl_generator_c: 3.1.5 (/opt/ros/humble/share/rosidl_generator_c/cmake)
[0.781s] -- Found rosidl_adapter: 3.1.5 (/opt/ros/humble/share/rosidl_adapter/cmake)
[0.788s] -- Found rosidl_generator_cpp: 3.1.5 (/opt/ros/humble/share/rosidl_generator_cpp/cmake)
[0.805s] -- Using all available rosidl_typesupport_c: rosidl_typesupport_fastrtps_c;rosidl_typesupport_introspection_c
[0.831s] -- Using all available rosidl_typesupport_cpp: rosidl_typesupport_fastrtps_cpp;rosidl_typesupport_introspection_cpp
[1.953s] -- Found Boost: /usr/lib/x86_64-linux-gnu/cmake/Boost-1.74.0/BoostConfig.cmake (found version "1.74.0") found components: chrono date_time filesystem iostreams program_options regex serialization system thread 
[1.987s] -- Found parameter_traits: 0.3.6 (/opt/ros/humble/share/parameter_traits/cmake)
[2.051s] -- Found rmw_implementation_cmake: 6.1.1 (/opt/ros/humble/share/rmw_implementation_cmake/cmake)
[2.056s] -- Found rmw_fastrtps_cpp: 6.2.4 (/opt/ros/humble/share/rmw_fastrtps_cpp/cmake)
[2.224s] -- Using RMW implementation 'rmw_fastrtps_cpp' as default
[2.404s] -- Found rclcpp_lifecycle: 16.0.6 (/opt/ros/humble/share/rclcpp_lifecycle/cmake)
[2.457s] -- Found Boost: /usr/lib/x86_64-linux-gnu/cmake/Boost-1.74.0/BoostConfig.cmake (found version "1.74.0") found components: filesystem 
[2.507s] -- library: /usr/lib/x86_64-linux-gnu/libcurl.so
[2.681s] -- Ensuring Eigen3 include directory is part of orocos-kdl CMake target
[3.302s] -- Found Boost: /usr/lib/x86_64-linux-gnu/cmake/Boost-1.74.0/BoostConfig.cmake (found version "1.74.0") found components: system filesystem date_time program_options thread chrono 
[3.986s] -- Found Boost: /usr/lib/x86_64-linux-gnu/cmake/Boost-1.74.0/BoostConfig.cmake (found version "1.74.0") found components: thread system filesystem regex date_time program_options 
[4.282s] -- Found Boost: /usr/lib/x86_64-linux-gnu/cmake/Boost-1.74.0/BoostConfig.cmake (found version "1.74.0") found components: system filesystem date_time program_options thread 
[4.634s] -- Found ament_lint_auto: 0.12.8 (/opt/ros/humble/share/ament_lint_auto/cmake)
[4.635s] -- Found moveit_visual_tools: 4.1.0 (/home/rmplplus/ws_moveit/install/moveit_visual_tools/share/moveit_visual_tools/cmake)
[5.089s] -- Setting OGRE_DIR to: '/opt/ros/humble/share/rviz_ogre_vendor/cmake/../../../opt/rviz_ogre_vendor/lib/OGRE/cmake'
[5.090s] -- Found OGRE
[5.090s] --   static     : OFF
[5.091s] --   components : HLMS;MeshLodGenerator;Overlay;Paging;Property;RTShaderSystem;Terrain;Volume
[5.091s] --   plugins    : Plugin_BSPSceneManager;Plugin_OctreeSceneManager;Plugin_PCZSceneManager;Plugin_ParticleFX;RenderSystem_GL;RenderSystem_GL3Plus;Codec_STBI
[5.091s] --   media      : /opt/ros/humble/opt/rviz_ogre_vendor/share/OGRE/Media
[5.091s] -- OGRE_LIBRARIES: OgreHLMS;OgreMeshLodGenerator;OgreOverlay;OgrePaging;OgreProperty;OgreRTShaderSystem;OgreTerrain;OgreVolume;OgreMain
[5.092s] -- OGRE_LIBRARY_DIRS: /opt/ros/humble/opt/rviz_ogre_vendor/lib
[5.092s] -- OGRE_PLUGINS: Plugin_BSPSceneManager;Plugin_OctreeSceneManager;Plugin_PCZSceneManager;Plugin_ParticleFX;RenderSystem_GL;RenderSystem_GL3Plus;Codec_STBI
[5.092s] -- OGRE_PLUGIN_DIR: /opt/ros/humble/opt/rviz_ogre_vendor/lib/OGRE
[5.092s] -- rviz_ogre_vendor::OgreOverlay for IMPORTED_LOCATION_RELEASE: /opt/ros/humble/opt/rviz_ogre_vendor/lib/libOgreOverlay.so
[5.092s] -- rviz_ogre_vendor::OgreOverlay for IMPORTED_LOCATION_DEBUG: /opt/ros/humble/opt/rviz_ogre_vendor/lib/libOgreOverlay.so
[5.093s] -- rviz_ogre_vendor::OgreMain for IMPORTED_LOCATION_RELEASE: /opt/ros/humble/opt/rviz_ogre_vendor/lib/libOgreMain.so
[5.093s] -- rviz_ogre_vendor::OgreMain for IMPORTED_LOCATION_DEBUG: /opt/ros/humble/opt/rviz_ogre_vendor/lib/libOgreMain.so
[5.153s] -- rviz_ogre_vendor::RenderSystem_GL for IMPORTED_LOCATION_RELEASE: _render_system_gl_static_library_abs-NOTFOUND
[5.153s] -- rviz_ogre_vendor::RenderSystem_GL for IMPORTED_LOCATION_DEBUG: _render_system_gl_static_library_abs-NOTFOUND
[6.127s] -- Added test 'cppcheck' to perform static code analysis on C / C++ code
[6.127s] -- Configured cppcheck include dirs: $<BUILD_INTERFACE:/home/rmplplus/ros2_oct25/src/jdh_moveit/include>
[6.128s] -- Configured cppcheck exclude dirs and/or files: 
[6.128s] -- Added test 'lint_cmake' to check CMake code style
[6.129s] -- Added test 'uncrustify' to check C / C++ code style
[6.129s] -- Configured uncrustify additional arguments: 
[6.129s] -- Added test 'xmllint' to check XML markup files
[6.137s] -- Configuring done
[6.188s] -- Generating done
[6.191s] -- Build files have been written to: /home/rmplplus/ros2_oct25/build/jdh_moveit
[6.205s] Invoked command in '/home/rmplplus/ros2_oct25/build/jdh_moveit' returned '0': CMAKE_PREFIX_PATH=${CMAKE_PREFIX_PATH}:/home/rmplplus/ros2_oct25/install/my_robot:/home/rmplplus/ws_moveit/install/jdhmove_pkg:/home/rmplplus/ws_moveit/install/moveit_configs_utils:/home/rmplplus/ros2_ws/install/my_robot_controller:/opt/ros/humble /usr/bin/cmake /home/rmplplus/ros2_oct25/src/jdh_moveit -DCMAKE_INSTALL_PREFIX=/home/rmplplus/ros2_oct25/install/jdh_moveit
[6.207s] Invoking command in '/home/rmplplus/ros2_oct25/build/jdh_moveit': CMAKE_PREFIX_PATH=${CMAKE_PREFIX_PATH}:/home/rmplplus/ros2_oct25/install/my_robot:/home/rmplplus/ws_moveit/install/jdhmove_pkg:/home/rmplplus/ws_moveit/install/moveit_configs_utils:/home/rmplplus/ros2_ws/install/my_robot_controller:/opt/ros/humble /usr/bin/cmake --build /home/rmplplus/ros2_oct25/build/jdh_moveit -- -j8 -l8
[6.277s] [35m[1mConsolidate compiler generated dependencies of target jdh_moveit[0m
[6.321s] [100%] Built target jdh_moveit
[6.336s] Invoked command in '/home/rmplplus/ros2_oct25/build/jdh_moveit' returned '0': CMAKE_PREFIX_PATH=${CMAKE_PREFIX_PATH}:/home/rmplplus/ros2_oct25/install/my_robot:/home/rmplplus/ws_moveit/install/jdhmove_pkg:/home/rmplplus/ws_moveit/install/moveit_configs_utils:/home/rmplplus/ros2_ws/install/my_robot_controller:/opt/ros/humble /usr/bin/cmake --build /home/rmplplus/ros2_oct25/build/jdh_moveit -- -j8 -l8
[6.399s] Invoking command in '/home/rmplplus/ros2_oct25/build/jdh_moveit': CMAKE_PREFIX_PATH=${CMAKE_PREFIX_PATH}:/home/rmplplus/ros2_oct25/install/my_robot:/home/rmplplus/ws_moveit/install/jdhmove_pkg:/home/rmplplus/ws_moveit/install/moveit_configs_utils:/home/rmplplus/ros2_ws/install/my_robot_controller:/opt/ros/humble /usr/bin/cmake --install /home/rmplplus/ros2_oct25/build/jdh_moveit
[6.412s] -- Install configuration: "Release"
[6.412s] -- Up-to-date: /home/rmplplus/ros2_oct25/install/jdh_moveit/lib/jdh_moveit/jdh_moveit
[6.412s] -- Up-to-date: /home/rmplplus/ros2_oct25/install/jdh_moveit/share/ament_index/resource_index/package_run_dependencies/jdh_moveit
[6.412s] -- Installing: /home/rmplplus/ros2_oct25/install/jdh_moveit/share/ament_index/resource_index/parent_prefix_path/jdh_moveit
[6.412s] -- Up-to-date: /home/rmplplus/ros2_oct25/install/jdh_moveit/share/jdh_moveit/environment/ament_prefix_path.sh
[6.412s] -- Installing: /home/rmplplus/ros2_oct25/install/jdh_moveit/share/jdh_moveit/environment/ament_prefix_path.dsv
[6.413s] -- Up-to-date: /home/rmplplus/ros2_oct25/install/jdh_moveit/share/jdh_moveit/environment/path.sh
[6.413s] -- Installing: /home/rmplplus/ros2_oct25/install/jdh_moveit/share/jdh_moveit/environment/path.dsv
[6.413s] -- Up-to-date: /home/rmplplus/ros2_oct25/install/jdh_moveit/share/jdh_moveit/local_setup.bash
[6.414s] -- Up-to-date: /home/rmplplus/ros2_oct25/install/jdh_moveit/share/jdh_moveit/local_setup.sh
[6.414s] -- Up-to-date: /home/rmplplus/ros2_oct25/install/jdh_moveit/share/jdh_moveit/local_setup.zsh
[6.414s] -- Installing: /home/rmplplus/ros2_oct25/install/jdh_moveit/share/jdh_moveit/local_setup.dsv
[6.414s] -- Installing: /home/rmplplus/ros2_oct25/install/jdh_moveit/share/jdh_moveit/package.dsv
[6.414s] -- Up-to-date: /home/rmplplus/ros2_oct25/install/jdh_moveit/share/ament_index/resource_index/packages/jdh_moveit
[6.414s] -- Up-to-date: /home/rmplplus/ros2_oct25/install/jdh_moveit/share/jdh_moveit/cmake/jdh_moveitConfig.cmake
[6.414s] -- Up-to-date: /home/rmplplus/ros2_oct25/install/jdh_moveit/share/jdh_moveit/cmake/jdh_moveitConfig-version.cmake
[6.414s] -- Up-to-date: /home/rmplplus/ros2_oct25/install/jdh_moveit/share/jdh_moveit/package.xml
[6.416s] Invoked command in '/home/rmplplus/ros2_oct25/build/jdh_moveit' returned '0': CMAKE_PREFIX_PATH=${CMAKE_PREFIX_PATH}:/home/rmplplus/ros2_oct25/install/my_robot:/home/rmplplus/ws_moveit/install/jdhmove_pkg:/home/rmplplus/ws_moveit/install/moveit_configs_utils:/home/rmplplus/ros2_ws/install/my_robot_controller:/opt/ros/humble /usr/bin/cmake --install /home/rmplplus/ros2_oct25/build/jdh_moveit
