[1.272s] Invoking command in '/home/rmplplus/ros2_oct25/src/my_robot': PYTHONPATH=/home/rmplplus/ros2_oct25/build/my_robot/prefix_override:/home/rmplplus/ros2_oct25/install/my_robot/lib/python3.10/site-packages:${PYTHONPATH} /usr/bin/python3 setup.py egg_info --egg-base ../../build/my_robot build --build-base /home/rmplplus/ros2_oct25/build/my_robot/build install --record /home/rmplplus/ros2_oct25/build/my_robot/install.log --single-version-externally-managed
[1.609s] running egg_info
[1.610s] writing ../../build/my_robot/my_robot.egg-info/PKG-INFO
[1.610s] writing dependency_links to ../../build/my_robot/my_robot.egg-info/dependency_links.txt
[1.610s] writing entry points to ../../build/my_robot/my_robot.egg-info/entry_points.txt
[1.610s] writing requirements to ../../build/my_robot/my_robot.egg-info/requires.txt
[1.610s] writing top-level names to ../../build/my_robot/my_robot.egg-info/top_level.txt
[1.612s] reading manifest file '../../build/my_robot/my_robot.egg-info/SOURCES.txt'
[1.613s] writing manifest file '../../build/my_robot/my_robot.egg-info/SOURCES.txt'
[1.613s] running build
[1.613s] running build_py
[1.613s] running install
[1.614s] running install_lib
[1.615s] running install_data
[1.616s] running install_egg_info
[1.617s] removing '/home/rmplplus/ros2_oct25/install/my_robot/lib/python3.10/site-packages/my_robot-0.0.0-py3.10.egg-info' (and everything under it)
[1.618s] Copying ../../build/my_robot/my_robot.egg-info to /home/rmplplus/ros2_oct25/install/my_robot/lib/python3.10/site-packages/my_robot-0.0.0-py3.10.egg-info
[1.619s] running install_scripts
[1.643s] writing list of installed files to '/home/rmplplus/ros2_oct25/build/my_robot/install.log'
[1.671s] Invoked command in '/home/rmplplus/ros2_oct25/src/my_robot' returned '0': PYTHONPATH=/home/rmplplus/ros2_oct25/build/my_robot/prefix_override:/home/rmplplus/ros2_oct25/install/my_robot/lib/python3.10/site-packages:${PYTHONPATH} /usr/bin/python3 setup.py egg_info --egg-base ../../build/my_robot build --build-base /home/rmplplus/ros2_oct25/build/my_robot/build install --record /home/rmplplus/ros2_oct25/build/my_robot/install.log --single-version-externally-managed
