[0.444s] Invoking command in '/home/rmplplus/ros2_oct25/build/motaco_tutorial': CMAKE_PREFIX_PATH=${CMAKE_PREFIX_PATH}:/home/rmplplus/ros2_oct25/install/my_robot:/home/rmplplus/ws_moveit/install/jdhmove_pkg:/home/rmplplus/ws_moveit/install/moveit_configs_utils:/home/rmplplus/ros2_ws/install/my_robot_controller:/opt/ros/humble /usr/bin/cmake --build /home/rmplplus/ros2_oct25/build/motaco_tutorial -- -j8 -l8
[0.507s] -- Found ament_cmake: 1.3.5 (/opt/ros/humble/share/ament_cmake/cmake)
[0.771s] -- Found moveit_task_constructor_core: 0.1.3 (/home/rmplplus/ws_moveit/install/moveit_task_constructor_core/share/moveit_task_constructor_core/cmake)
[0.812s] -- Found rosidl_generator_c: 3.1.5 (/opt/ros/humble/share/rosidl_generator_c/cmake)
[0.815s] -- Found rosidl_adapter: 3.1.5 (/opt/ros/humble/share/rosidl_adapter/cmake)
[0.822s] -- Found rosidl_generator_cpp: 3.1.5 (/opt/ros/humble/share/rosidl_generator_cpp/cmake)
[0.842s] -- Using all available rosidl_typesupport_c: rosidl_typesupport_fastrtps_c;rosidl_typesupport_introspection_c
[0.868s] -- Using all available rosidl_typesupport_cpp: rosidl_typesupport_fastrtps_cpp;rosidl_typesupport_introspection_cpp
[1.051s] -- Found Boost: /usr/lib/x86_64-linux-gnu/cmake/Boost-1.74.0/BoostConfig.cmake (found version "1.74.0") found components: chrono date_time filesystem iostreams program_options regex serialization system thread 
[1.101s] -- Found parameter_traits: 0.3.6 (/opt/ros/humble/share/parameter_traits/cmake)
[1.170s] -- Found rmw_implementation_cmake: 6.1.1 (/opt/ros/humble/share/rmw_implementation_cmake/cmake)
[1.175s] -- Found rmw_fastrtps_cpp: 6.2.4 (/opt/ros/humble/share/rmw_fastrtps_cpp/cmake)
[1.406s] -- Using RMW implementation 'rmw_fastrtps_cpp' as default
[1.635s] -- Found rclcpp_lifecycle: 16.0.6 (/opt/ros/humble/share/rclcpp_lifecycle/cmake)
[1.709s] -- Found Boost: /usr/lib/x86_64-linux-gnu/cmake/Boost-1.74.0/BoostConfig.cmake (found version "1.74.0") found components: filesystem 
[1.762s] -- library: /usr/lib/x86_64-linux-gnu/libcurl.so
[2.146s] -- Ensuring Eigen3 include directory is part of orocos-kdl CMake target
[3.441s] -- Found Boost: /usr/lib/x86_64-linux-gnu/cmake/Boost-1.74.0/BoostConfig.cmake (found version "1.74.0") found components: system filesystem date_time program_options thread chrono 
[4.071s] -- Found Boost: /usr/lib/x86_64-linux-gnu/cmake/Boost-1.74.0/BoostConfig.cmake (found version "1.74.0") found components: date_time filesystem program_options system thread 
[4.309s] -- Found Boost: /usr/lib/x86_64-linux-gnu/cmake/Boost-1.74.0/BoostConfig.cmake (found version "1.74.0") found components: thread system filesystem regex date_time program_options 
[4.588s] -- Found Boost: /usr/lib/x86_64-linux-gnu/cmake/Boost-1.74.0/BoostConfig.cmake (found version "1.74.0") found components: system filesystem date_time program_options thread 
[5.365s] -- Found ament_lint_auto: 0.12.8 (/opt/ros/humble/share/ament_lint_auto/cmake)
[5.447s] -- Added test 'cppcheck' to perform static code analysis on C / C++ code
[5.447s] -- Configured cppcheck include dirs: $<BUILD_INTERFACE:/home/rmplplus/ros2_oct25/src/motaco_tutorial/include>
[5.447s] -- Configured cppcheck exclude dirs and/or files: 
[5.447s] -- Added test 'flake8' to check Python code syntax and style conventions
[5.448s] -- Added test 'lint_cmake' to check CMake code style
[5.448s] -- Added test 'pep257' to check Python code against some of the docstring style conventions in PEP 257
[5.449s] -- Added test 'uncrustify' to check C / C++ code style
[5.449s] -- Configured uncrustify additional arguments: 
[5.449s] -- Added test 'xmllint' to check XML markup files
[5.450s] -- Configuring done
[5.497s] -- Generating done
[5.499s] -- Build files have been written to: /home/rmplplus/ros2_oct25/build/motaco_tutorial
[5.547s] [35m[1mConsolidate compiler generated dependencies of target jdh_motaco[0m
[5.585s] [100%] Built target jdh_motaco
[5.600s] Invoked command in '/home/rmplplus/ros2_oct25/build/motaco_tutorial' returned '0': CMAKE_PREFIX_PATH=${CMAKE_PREFIX_PATH}:/home/rmplplus/ros2_oct25/install/my_robot:/home/rmplplus/ws_moveit/install/jdhmove_pkg:/home/rmplplus/ws_moveit/install/moveit_configs_utils:/home/rmplplus/ros2_ws/install/my_robot_controller:/opt/ros/humble /usr/bin/cmake --build /home/rmplplus/ros2_oct25/build/motaco_tutorial -- -j8 -l8
[5.646s] Invoking command in '/home/rmplplus/ros2_oct25/build/motaco_tutorial': CMAKE_PREFIX_PATH=${CMAKE_PREFIX_PATH}:/home/rmplplus/ros2_oct25/install/my_robot:/home/rmplplus/ws_moveit/install/jdhmove_pkg:/home/rmplplus/ws_moveit/install/moveit_configs_utils:/home/rmplplus/ros2_ws/install/my_robot_controller:/opt/ros/humble /usr/bin/cmake --install /home/rmplplus/ros2_oct25/build/motaco_tutorial
[5.658s] -- Install configuration: "Release"
[5.658s] -- Up-to-date: /home/rmplplus/ros2_oct25/install/motaco_tutorial/lib/motaco_tutorial/jdh_motaco
[5.659s] -- Installing: /home/rmplplus/ros2_oct25/install/motaco_tutorial/share/motaco_tutorial/launch
[5.659s] -- Installing: /home/rmplplus/ros2_oct25/install/motaco_tutorial/share/motaco_tutorial/launch/motaco_demo.launch.py
[5.659s] -- Installing: /home/rmplplus/ros2_oct25/install/motaco_tutorial/share/motaco_tutorial/launch/pick_place_demo.launch.py
[5.659s] -- Installing: /home/rmplplus/ros2_oct25/install/motaco_tutorial/share/ament_index/resource_index/package_run_dependencies/motaco_tutorial
[5.659s] -- Installing: /home/rmplplus/ros2_oct25/install/motaco_tutorial/share/ament_index/resource_index/parent_prefix_path/motaco_tutorial
[5.660s] -- Installing: /home/rmplplus/ros2_oct25/install/motaco_tutorial/share/motaco_tutorial/environment/ament_prefix_path.sh
[5.660s] -- Installing: /home/rmplplus/ros2_oct25/install/motaco_tutorial/share/motaco_tutorial/environment/ament_prefix_path.dsv
[5.660s] -- Installing: /home/rmplplus/ros2_oct25/install/motaco_tutorial/share/motaco_tutorial/environment/path.sh
[5.660s] -- Installing: /home/rmplplus/ros2_oct25/install/motaco_tutorial/share/motaco_tutorial/environment/path.dsv
[5.660s] -- Installing: /home/rmplplus/ros2_oct25/install/motaco_tutorial/share/motaco_tutorial/local_setup.bash
[5.661s] -- Installing: /home/rmplplus/ros2_oct25/install/motaco_tutorial/share/motaco_tutorial/local_setup.sh
[5.661s] -- Installing: /home/rmplplus/ros2_oct25/install/motaco_tutorial/share/motaco_tutorial/local_setup.zsh
[5.661s] -- Installing: /home/rmplplus/ros2_oct25/install/motaco_tutorial/share/motaco_tutorial/local_setup.dsv
[5.661s] -- Installing: /home/rmplplus/ros2_oct25/install/motaco_tutorial/share/motaco_tutorial/package.dsv
[5.662s] -- Installing: /home/rmplplus/ros2_oct25/install/motaco_tutorial/share/ament_index/resource_index/packages/motaco_tutorial
[5.662s] -- Installing: /home/rmplplus/ros2_oct25/install/motaco_tutorial/share/motaco_tutorial/cmake/motaco_tutorialConfig.cmake
[5.662s] -- Installing: /home/rmplplus/ros2_oct25/install/motaco_tutorial/share/motaco_tutorial/cmake/motaco_tutorialConfig-version.cmake
[5.662s] -- Installing: /home/rmplplus/ros2_oct25/install/motaco_tutorial/share/motaco_tutorial/package.xml
[5.664s] Invoked command in '/home/rmplplus/ros2_oct25/build/motaco_tutorial' returned '0': CMAKE_PREFIX_PATH=${CMAKE_PREFIX_PATH}:/home/rmplplus/ros2_oct25/install/my_robot:/home/rmplplus/ws_moveit/install/jdhmove_pkg:/home/rmplplus/ws_moveit/install/moveit_configs_utils:/home/rmplplus/ros2_ws/install/my_robot_controller:/opt/ros/humble /usr/bin/cmake --install /home/rmplplus/ros2_oct25/build/motaco_tutorial
