[0.363s] Invoking command in '/home/rmplplus/ros2_oct25/build/motaco_tutorial': CMAKE_PREFIX_PATH=${CMAKE_PREFIX_PATH}:/home/rmplplus/ros2_oct25/install/my_robot:/home/rmplplus/ws_moveit/install/jdhmove_pkg:/home/rmplplus/ws_moveit/install/moveit_configs_utils:/home/rmplplus/ros2_ws/install/my_robot_controller:/opt/ros/humble /usr/bin/cmake --build /home/rmplplus/ros2_oct25/build/motaco_tutorial -- -j8 -l8
[0.434s] [35m[1mConsolidate compiler generated dependencies of target jdh_motaco[0m
[0.479s] [ 50%] [32mBuilding CXX object CMakeFiles/jdh_motaco.dir/src/jdh_motaco.cpp.o[0m
[6.695s] [01m[K/home/rmplplus/ros2_oct25/src/motaco_tutorial/src/jdh_motaco.cpp:[m[K In member function ‘[01m[Kmoveit::task_constructor::Task MTCTaskNode::createTask()[m[K’:
[6.695s] [01m[K/home/rmplplus/ros2_oct25/src/motaco_tutorial/src/jdh_motaco.cpp:145:15:[m[K [01;35m[Kwarning: [m[Kunused variable ‘[01m[Kattach_object_stage[m[K’ [[01;35m[K]8;;https://gcc.gnu.org/onlinedocs/gcc/Warning-Options.html#index-Wunused-variable-Wunused-variable]8;;[m[K]
[6.695s]   145 |   mtc::Stage* [01;35m[Kattach_object_stage[m[K =
[6.695s]       |               [01;35m[K^~~~~~~~~~~~~~~~~~~[m[K
[12.067s] [100%] [32m[1mLinking CXX executable jdh_motaco[0m
[12.432s] [100%] Built target jdh_motaco
[12.449s] Invoked command in '/home/rmplplus/ros2_oct25/build/motaco_tutorial' returned '0': CMAKE_PREFIX_PATH=${CMAKE_PREFIX_PATH}:/home/rmplplus/ros2_oct25/install/my_robot:/home/rmplplus/ws_moveit/install/jdhmove_pkg:/home/rmplplus/ws_moveit/install/moveit_configs_utils:/home/rmplplus/ros2_ws/install/my_robot_controller:/opt/ros/humble /usr/bin/cmake --build /home/rmplplus/ros2_oct25/build/motaco_tutorial -- -j8 -l8
[12.497s] Invoking command in '/home/rmplplus/ros2_oct25/build/motaco_tutorial': CMAKE_PREFIX_PATH=${CMAKE_PREFIX_PATH}:/home/rmplplus/ros2_oct25/install/my_robot:/home/rmplplus/ws_moveit/install/jdhmove_pkg:/home/rmplplus/ws_moveit/install/moveit_configs_utils:/home/rmplplus/ros2_ws/install/my_robot_controller:/opt/ros/humble /usr/bin/cmake --install /home/rmplplus/ros2_oct25/build/motaco_tutorial
[12.513s] -- Install configuration: "Release"
[12.513s] -- Installing: /home/rmplplus/ros2_oct25/install/motaco_tutorial/lib/motaco_tutorial/jdh_motaco
[12.514s] -- Set runtime path of "/home/rmplplus/ros2_oct25/install/motaco_tutorial/lib/motaco_tutorial/jdh_motaco" to ""
[12.514s] -- Up-to-date: /home/rmplplus/ros2_oct25/install/motaco_tutorial/share/motaco_tutorial/launch
[12.514s] -- Up-to-date: /home/rmplplus/ros2_oct25/install/motaco_tutorial/share/motaco_tutorial/launch/motaco_demo.launch.py
[12.515s] -- Up-to-date: /home/rmplplus/ros2_oct25/install/motaco_tutorial/share/motaco_tutorial/launch/pick_place_demo.launch.py
[12.515s] -- Up-to-date: /home/rmplplus/ros2_oct25/install/motaco_tutorial/share/ament_index/resource_index/package_run_dependencies/motaco_tutorial
[12.515s] -- Up-to-date: /home/rmplplus/ros2_oct25/install/motaco_tutorial/share/ament_index/resource_index/parent_prefix_path/motaco_tutorial
[12.515s] -- Up-to-date: /home/rmplplus/ros2_oct25/install/motaco_tutorial/share/motaco_tutorial/environment/ament_prefix_path.sh
[12.515s] -- Up-to-date: /home/rmplplus/ros2_oct25/install/motaco_tutorial/share/motaco_tutorial/environment/ament_prefix_path.dsv
[12.515s] -- Up-to-date: /home/rmplplus/ros2_oct25/install/motaco_tutorial/share/motaco_tutorial/environment/path.sh
[12.515s] -- Up-to-date: /home/rmplplus/ros2_oct25/install/motaco_tutorial/share/motaco_tutorial/environment/path.dsv
[12.515s] -- Up-to-date: /home/rmplplus/ros2_oct25/install/motaco_tutorial/share/motaco_tutorial/local_setup.bash
[12.515s] -- Up-to-date: /home/rmplplus/ros2_oct25/install/motaco_tutorial/share/motaco_tutorial/local_setup.sh
[12.515s] -- Up-to-date: /home/rmplplus/ros2_oct25/install/motaco_tutorial/share/motaco_tutorial/local_setup.zsh
[12.515s] -- Up-to-date: /home/rmplplus/ros2_oct25/install/motaco_tutorial/share/motaco_tutorial/local_setup.dsv
[12.516s] -- Installing: /home/rmplplus/ros2_oct25/install/motaco_tutorial/share/motaco_tutorial/package.dsv
[12.516s] -- Up-to-date: /home/rmplplus/ros2_oct25/install/motaco_tutorial/share/ament_index/resource_index/packages/motaco_tutorial
[12.516s] -- Up-to-date: /home/rmplplus/ros2_oct25/install/motaco_tutorial/share/motaco_tutorial/cmake/motaco_tutorialConfig.cmake
[12.516s] -- Up-to-date: /home/rmplplus/ros2_oct25/install/motaco_tutorial/share/motaco_tutorial/cmake/motaco_tutorialConfig-version.cmake
[12.516s] -- Up-to-date: /home/rmplplus/ros2_oct25/install/motaco_tutorial/share/motaco_tutorial/package.xml
[12.518s] Invoked command in '/home/rmplplus/ros2_oct25/build/motaco_tutorial' returned '0': CMAKE_PREFIX_PATH=${CMAKE_PREFIX_PATH}:/home/rmplplus/ros2_oct25/install/my_robot:/home/rmplplus/ws_moveit/install/jdhmove_pkg:/home/rmplplus/ws_moveit/install/moveit_configs_utils:/home/rmplplus/ros2_ws/install/my_robot_controller:/opt/ros/humble /usr/bin/cmake --install /home/rmplplus/ros2_oct25/build/motaco_tutorial
