[1.852s] DEBUG:colcon:Command line arguments: ['/usr/bin/colcon', 'build']
[1.852s] DEBUG:colcon:Parsed command line arguments: Namespace(log_base=None, log_level=None, verb_name='build', build_base='build', install_base='install', merge_install=False, symlink_install=False, test_result_base=None, continue_on_error=False, executor='parallel', parallel_workers=8, event_handlers=None, ignore_user_meta=False, metas=['./colcon.meta'], base_paths=['.'], packages_ignore=None, packages_ignore_regex=None, paths=None, packages_up_to=None, packages_up_to_regex=None, packages_above=None, packages_above_and_dependencies=None, packages_above_depth=None, packages_select_by_dep=None, packages_skip_by_dep=None, packages_skip_up_to=None, packages_select_build_failed=False, packages_skip_build_finished=False, packages_select_test_failures=False, packages_skip_test_passed=False, packages_select=None, packages_skip=None, packages_select_regex=None, packages_skip_regex=None, packages_start=None, packages_end=None, allow_overriding=[], cmake_args=None, cmake_target=None, cmake_target_skip_unavailable=False, cmake_clean_cache=False, cmake_clean_first=False, cmake_force_configure=False, ament_cmake_args=None, catkin_cmake_args=None, catkin_skip_building_tests=False, mixin_files=None, mixin=None, verb_parser=<colcon_mixin.mixin.mixin_argument.MixinArgumentDecorator object at 0x7f1e132087f0>, verb_extension=<colcon_core.verb.build.BuildVerb object at 0x7f1e13209780>, main=<bound method BuildVerb.main of <colcon_core.verb.build.BuildVerb object at 0x7f1e13209780>>, mixin_verb=('build',))
[1.911s] Level 1:colcon.colcon_core.package_discovery:discover_packages(colcon_meta) check parameters
[1.911s] Level 1:colcon.colcon_core.package_discovery:discover_packages(recursive) check parameters
[1.911s] Level 1:colcon.colcon_core.package_discovery:discover_packages(ignore) check parameters
[1.911s] Level 1:colcon.colcon_core.package_discovery:discover_packages(path) check parameters
[1.911s] Level 1:colcon.colcon_core.package_discovery:discover_packages(colcon_meta) discover
[1.911s] Level 1:colcon.colcon_core.package_discovery:discover_packages(recursive) discover
[1.911s] INFO:colcon.colcon_core.package_discovery:Crawling recursively for packages in '/home/rmplplus/ros2_oct25'
[1.911s] Level 1:colcon.colcon_core.package_identification:_identify(.) by extensions ['ignore', 'ignore_ament_install']
[1.911s] Level 1:colcon.colcon_core.package_identification:_identify(.) by extension 'ignore'
[1.911s] Level 1:colcon.colcon_core.package_identification:_identify(.) by extension 'ignore_ament_install'
[1.911s] Level 1:colcon.colcon_core.package_identification:_identify(.) by extensions ['colcon_pkg']
[1.911s] Level 1:colcon.colcon_core.package_identification:_identify(.) by extension 'colcon_pkg'
[1.911s] Level 1:colcon.colcon_core.package_identification:_identify(.) by extensions ['colcon_meta']
[1.912s] Level 1:colcon.colcon_core.package_identification:_identify(.) by extension 'colcon_meta'
[1.912s] Level 1:colcon.colcon_core.package_identification:_identify(.) by extensions ['ros']
[1.912s] Level 1:colcon.colcon_core.package_identification:_identify(.) by extension 'ros'
[1.923s] Level 1:colcon.colcon_core.package_identification:_identify(.) by extensions ['cmake', 'python']
[1.923s] Level 1:colcon.colcon_core.package_identification:_identify(.) by extension 'cmake'
[1.923s] Level 1:colcon.colcon_core.package_identification:_identify(.) by extension 'python'
[1.923s] Level 1:colcon.colcon_core.package_identification:_identify(.) by extensions ['python_setup_py']
[1.924s] Level 1:colcon.colcon_core.package_identification:_identify(.) by extension 'python_setup_py'
[1.924s] Level 1:colcon.colcon_core.package_identification:_identify(build) by extensions ['ignore', 'ignore_ament_install']
[1.924s] Level 1:colcon.colcon_core.package_identification:_identify(build) by extension 'ignore'
[1.924s] Level 1:colcon.colcon_core.package_identification:_identify(build) ignored
[1.924s] Level 1:colcon.colcon_core.package_identification:_identify(install) by extensions ['ignore', 'ignore_ament_install']
[1.924s] Level 1:colcon.colcon_core.package_identification:_identify(install) by extension 'ignore'
[1.924s] Level 1:colcon.colcon_core.package_identification:_identify(install) ignored
[1.925s] Level 1:colcon.colcon_core.package_identification:_identify(log) by extensions ['ignore', 'ignore_ament_install']
[1.925s] Level 1:colcon.colcon_core.package_identification:_identify(log) by extension 'ignore'
[1.925s] Level 1:colcon.colcon_core.package_identification:_identify(log) ignored
[1.925s] Level 1:colcon.colcon_core.package_identification:_identify(src) by extensions ['ignore', 'ignore_ament_install']
[1.925s] Level 1:colcon.colcon_core.package_identification:_identify(src) by extension 'ignore'
[1.925s] Level 1:colcon.colcon_core.package_identification:_identify(src) by extension 'ignore_ament_install'
[1.925s] Level 1:colcon.colcon_core.package_identification:_identify(src) by extensions ['colcon_pkg']
[1.925s] Level 1:colcon.colcon_core.package_identification:_identify(src) by extension 'colcon_pkg'
[1.925s] Level 1:colcon.colcon_core.package_identification:_identify(src) by extensions ['colcon_meta']
[1.925s] Level 1:colcon.colcon_core.package_identification:_identify(src) by extension 'colcon_meta'
[1.925s] Level 1:colcon.colcon_core.package_identification:_identify(src) by extensions ['ros']
[1.926s] Level 1:colcon.colcon_core.package_identification:_identify(src) by extension 'ros'
[1.926s] Level 1:colcon.colcon_core.package_identification:_identify(src) by extensions ['cmake', 'python']
[1.926s] Level 1:colcon.colcon_core.package_identification:_identify(src) by extension 'cmake'
[1.926s] Level 1:colcon.colcon_core.package_identification:_identify(src) by extension 'python'
[1.926s] Level 1:colcon.colcon_core.package_identification:_identify(src) by extensions ['python_setup_py']
[1.926s] Level 1:colcon.colcon_core.package_identification:_identify(src) by extension 'python_setup_py'
[1.926s] Level 1:colcon.colcon_core.package_identification:_identify(src/jdh_moveit) by extensions ['ignore', 'ignore_ament_install']
[1.926s] Level 1:colcon.colcon_core.package_identification:_identify(src/jdh_moveit) by extension 'ignore'
[1.926s] Level 1:colcon.colcon_core.package_identification:_identify(src/jdh_moveit) by extension 'ignore_ament_install'
[1.926s] Level 1:colcon.colcon_core.package_identification:_identify(src/jdh_moveit) by extensions ['colcon_pkg']
[1.926s] Level 1:colcon.colcon_core.package_identification:_identify(src/jdh_moveit) by extension 'colcon_pkg'
[1.927s] Level 1:colcon.colcon_core.package_identification:_identify(src/jdh_moveit) by extensions ['colcon_meta']
[1.927s] Level 1:colcon.colcon_core.package_identification:_identify(src/jdh_moveit) by extension 'colcon_meta'
[1.927s] Level 1:colcon.colcon_core.package_identification:_identify(src/jdh_moveit) by extensions ['ros']
[1.927s] Level 1:colcon.colcon_core.package_identification:_identify(src/jdh_moveit) by extension 'ros'
[1.929s] DEBUG:colcon.colcon_core.package_identification:Package 'src/jdh_moveit' with type 'ros.ament_cmake' and name 'jdh_moveit'
[1.930s] Level 1:colcon.colcon_core.package_identification:_identify(src/motaco_tutorial) by extensions ['ignore', 'ignore_ament_install']
[1.930s] Level 1:colcon.colcon_core.package_identification:_identify(src/motaco_tutorial) by extension 'ignore'
[1.930s] Level 1:colcon.colcon_core.package_identification:_identify(src/motaco_tutorial) by extension 'ignore_ament_install'
[1.930s] Level 1:colcon.colcon_core.package_identification:_identify(src/motaco_tutorial) by extensions ['colcon_pkg']
[1.930s] Level 1:colcon.colcon_core.package_identification:_identify(src/motaco_tutorial) by extension 'colcon_pkg'
[1.930s] Level 1:colcon.colcon_core.package_identification:_identify(src/motaco_tutorial) by extensions ['colcon_meta']
[1.930s] Level 1:colcon.colcon_core.package_identification:_identify(src/motaco_tutorial) by extension 'colcon_meta'
[1.930s] Level 1:colcon.colcon_core.package_identification:_identify(src/motaco_tutorial) by extensions ['ros']
[1.930s] Level 1:colcon.colcon_core.package_identification:_identify(src/motaco_tutorial) by extension 'ros'
[1.931s] DEBUG:colcon.colcon_core.package_identification:Package 'src/motaco_tutorial' with type 'ros.ament_cmake' and name 'motaco_tutorial'
[1.931s] Level 1:colcon.colcon_core.package_identification:_identify(src/my_robot) by extensions ['ignore', 'ignore_ament_install']
[1.931s] Level 1:colcon.colcon_core.package_identification:_identify(src/my_robot) by extension 'ignore'
[1.931s] Level 1:colcon.colcon_core.package_identification:_identify(src/my_robot) by extension 'ignore_ament_install'
[1.931s] Level 1:colcon.colcon_core.package_identification:_identify(src/my_robot) by extensions ['colcon_pkg']
[1.931s] Level 1:colcon.colcon_core.package_identification:_identify(src/my_robot) by extension 'colcon_pkg'
[1.931s] Level 1:colcon.colcon_core.package_identification:_identify(src/my_robot) by extensions ['colcon_meta']
[1.931s] Level 1:colcon.colcon_core.package_identification:_identify(src/my_robot) by extension 'colcon_meta'
[1.931s] Level 1:colcon.colcon_core.package_identification:_identify(src/my_robot) by extensions ['ros']
[1.931s] Level 1:colcon.colcon_core.package_identification:_identify(src/my_robot) by extension 'ros'
[1.932s] DEBUG:colcon.colcon_core.package_identification:Package 'src/my_robot' with type 'ros.ament_python' and name 'my_robot'
[1.932s] Level 1:colcon.colcon_core.package_discovery:discover_packages(recursive) using defaults
[1.932s] Level 1:colcon.colcon_core.package_discovery:discover_packages(ignore) discover
[1.932s] Level 1:colcon.colcon_core.package_discovery:discover_packages(ignore) using defaults
[1.932s] Level 1:colcon.colcon_core.package_discovery:discover_packages(path) discover
[1.932s] Level 1:colcon.colcon_core.package_discovery:discover_packages(path) using defaults
[2.064s] Level 1:colcon.colcon_core.package_discovery:discover_packages(prefix_path) check parameters
[2.064s] Level 1:colcon.colcon_core.package_discovery:discover_packages(prefix_path) discover
[2.086s] WARNING:colcon.colcon_core.prefix_path.colcon:The path '/home/rmplplus/ros2_oct25/install/jdh_mtc' in the environment variable COLCON_PREFIX_PATH doesn't exist
[2.109s] DEBUG:colcon.colcon_installed_package_information.package_discovery:Found 3 installed packages in /home/rmplplus/ros2_oct25/install
[2.135s] DEBUG:colcon.colcon_installed_package_information.package_discovery:Found 66 installed packages in /home/rmplplus/ws_moveit/install
[2.156s] DEBUG:colcon.colcon_installed_package_information.package_discovery:Found 1 installed packages in /home/rmplplus/ros2_ws/install
[2.178s] DEBUG:colcon.colcon_installed_package_information.package_discovery:Found 324 installed packages in /opt/ros/humble
[2.179s] Level 1:colcon.colcon_core.package_discovery:discover_packages(prefix_path) using defaults
[2.319s] Level 5:colcon.colcon_core.verb:set package 'jdh_moveit' build argument 'cmake_args' from command line to 'None'
[2.319s] Level 5:colcon.colcon_core.verb:set package 'jdh_moveit' build argument 'cmake_target' from command line to 'None'
[2.319s] Level 5:colcon.colcon_core.verb:set package 'jdh_moveit' build argument 'cmake_target_skip_unavailable' from command line to 'False'
[2.319s] Level 5:colcon.colcon_core.verb:set package 'jdh_moveit' build argument 'cmake_clean_cache' from command line to 'False'
[2.319s] Level 5:colcon.colcon_core.verb:set package 'jdh_moveit' build argument 'cmake_clean_first' from command line to 'False'
[2.320s] Level 5:colcon.colcon_core.verb:set package 'jdh_moveit' build argument 'cmake_force_configure' from command line to 'False'
[2.320s] Level 5:colcon.colcon_core.verb:set package 'jdh_moveit' build argument 'ament_cmake_args' from command line to 'None'
[2.320s] Level 5:colcon.colcon_core.verb:set package 'jdh_moveit' build argument 'catkin_cmake_args' from command line to 'None'
[2.320s] Level 5:colcon.colcon_core.verb:set package 'jdh_moveit' build argument 'catkin_skip_building_tests' from command line to 'False'
[2.320s] DEBUG:colcon.colcon_core.verb:Building package 'jdh_moveit' with the following arguments: {'ament_cmake_args': None, 'build_base': '/home/rmplplus/ros2_oct25/build/jdh_moveit', 'catkin_cmake_args': None, 'catkin_skip_building_tests': False, 'cmake_args': None, 'cmake_clean_cache': False, 'cmake_clean_first': False, 'cmake_force_configure': False, 'cmake_target': None, 'cmake_target_skip_unavailable': False, 'install_base': '/home/rmplplus/ros2_oct25/install/jdh_moveit', 'merge_install': False, 'path': '/home/rmplplus/ros2_oct25/src/jdh_moveit', 'symlink_install': False, 'test_result_base': None}
[2.341s] Level 5:colcon.colcon_core.verb:set package 'motaco_tutorial' build argument 'cmake_args' from command line to 'None'
[2.341s] Level 5:colcon.colcon_core.verb:set package 'motaco_tutorial' build argument 'cmake_target' from command line to 'None'
[2.341s] Level 5:colcon.colcon_core.verb:set package 'motaco_tutorial' build argument 'cmake_target_skip_unavailable' from command line to 'False'
[2.341s] Level 5:colcon.colcon_core.verb:set package 'motaco_tutorial' build argument 'cmake_clean_cache' from command line to 'False'
[2.341s] Level 5:colcon.colcon_core.verb:set package 'motaco_tutorial' build argument 'cmake_clean_first' from command line to 'False'
[2.341s] Level 5:colcon.colcon_core.verb:set package 'motaco_tutorial' build argument 'cmake_force_configure' from command line to 'False'
[2.341s] Level 5:colcon.colcon_core.verb:set package 'motaco_tutorial' build argument 'ament_cmake_args' from command line to 'None'
[2.341s] Level 5:colcon.colcon_core.verb:set package 'motaco_tutorial' build argument 'catkin_cmake_args' from command line to 'None'
[2.341s] Level 5:colcon.colcon_core.verb:set package 'motaco_tutorial' build argument 'catkin_skip_building_tests' from command line to 'False'
[2.341s] DEBUG:colcon.colcon_core.verb:Building package 'motaco_tutorial' with the following arguments: {'ament_cmake_args': None, 'build_base': '/home/rmplplus/ros2_oct25/build/motaco_tutorial', 'catkin_cmake_args': None, 'catkin_skip_building_tests': False, 'cmake_args': None, 'cmake_clean_cache': False, 'cmake_clean_first': False, 'cmake_force_configure': False, 'cmake_target': None, 'cmake_target_skip_unavailable': False, 'install_base': '/home/rmplplus/ros2_oct25/install/motaco_tutorial', 'merge_install': False, 'path': '/home/rmplplus/ros2_oct25/src/motaco_tutorial', 'symlink_install': False, 'test_result_base': None}
[2.364s] Level 5:colcon.colcon_core.verb:set package 'my_robot' build argument 'cmake_args' from command line to 'None'
[2.364s] Level 5:colcon.colcon_core.verb:set package 'my_robot' build argument 'cmake_target' from command line to 'None'
[2.364s] Level 5:colcon.colcon_core.verb:set package 'my_robot' build argument 'cmake_target_skip_unavailable' from command line to 'False'
[2.364s] Level 5:colcon.colcon_core.verb:set package 'my_robot' build argument 'cmake_clean_cache' from command line to 'False'
[2.365s] Level 5:colcon.colcon_core.verb:set package 'my_robot' build argument 'cmake_clean_first' from command line to 'False'
[2.365s] Level 5:colcon.colcon_core.verb:set package 'my_robot' build argument 'cmake_force_configure' from command line to 'False'
[2.365s] Level 5:colcon.colcon_core.verb:set package 'my_robot' build argument 'ament_cmake_args' from command line to 'None'
[2.365s] Level 5:colcon.colcon_core.verb:set package 'my_robot' build argument 'catkin_cmake_args' from command line to 'None'
[2.365s] Level 5:colcon.colcon_core.verb:set package 'my_robot' build argument 'catkin_skip_building_tests' from command line to 'False'
[2.365s] DEBUG:colcon.colcon_core.verb:Building package 'my_robot' with the following arguments: {'ament_cmake_args': None, 'build_base': '/home/rmplplus/ros2_oct25/build/my_robot', 'catkin_cmake_args': None, 'catkin_skip_building_tests': False, 'cmake_args': None, 'cmake_clean_cache': False, 'cmake_clean_first': False, 'cmake_force_configure': False, 'cmake_target': None, 'cmake_target_skip_unavailable': False, 'install_base': '/home/rmplplus/ros2_oct25/install/my_robot', 'merge_install': False, 'path': '/home/rmplplus/ros2_oct25/src/my_robot', 'symlink_install': False, 'test_result_base': None}
[2.387s] INFO:colcon.colcon_core.executor:Executing jobs using 'parallel' executor
[2.410s] DEBUG:colcon.colcon_parallel_executor.executor.parallel:run_until_complete
[2.410s] INFO:colcon.colcon_ros.task.ament_cmake.build:Building ROS package in '/home/rmplplus/ros2_oct25/src/jdh_moveit' with build type 'ament_cmake'
[2.410s] INFO:colcon.colcon_cmake.task.cmake.build:Building CMake package in '/home/rmplplus/ros2_oct25/src/jdh_moveit'
[2.434s] INFO:colcon.colcon_core.plugin_system:Skipping extension 'colcon_core.shell.bat': Not used on non-Windows systems
[2.434s] INFO:colcon.colcon_core.shell:Skip shell extension 'powershell' for command environment: Not usable outside of PowerShell
[2.435s] DEBUG:colcon.colcon_core.shell:Skip shell extension 'dsv' for command environment
[2.565s] INFO:colcon.colcon_ros.task.ament_cmake.build:Building ROS package in '/home/rmplplus/ros2_oct25/src/motaco_tutorial' with build type 'ament_cmake'
[2.565s] INFO:colcon.colcon_cmake.task.cmake.build:Building CMake package in '/home/rmplplus/ros2_oct25/src/motaco_tutorial'
[2.591s] INFO:colcon.colcon_core.shell:Skip shell extension 'powershell' for command environment: Not usable outside of PowerShell
[2.591s] DEBUG:colcon.colcon_core.shell:Skip shell extension 'dsv' for command environment
[2.707s] INFO:colcon.colcon_ros.task.ament_python.build:Building ROS package in '/home/rmplplus/ros2_oct25/src/my_robot' with build type 'ament_python'
[2.707s] Level 1:colcon.colcon_core.shell:create_environment_hook('my_robot', 'ament_prefix_path')
[2.729s] INFO:colcon.colcon_core.shell:Creating environment hook '/home/rmplplus/ros2_oct25/install/my_robot/share/my_robot/hook/ament_prefix_path.ps1'
[2.729s] INFO:colcon.colcon_core.shell:Creating environment descriptor '/home/rmplplus/ros2_oct25/install/my_robot/share/my_robot/hook/ament_prefix_path.dsv'
[2.730s] INFO:colcon.colcon_core.shell:Creating environment hook '/home/rmplplus/ros2_oct25/install/my_robot/share/my_robot/hook/ament_prefix_path.sh'
[2.758s] INFO:colcon.colcon_core.shell:Skip shell extension 'powershell' for command environment: Not usable outside of PowerShell
[2.758s] DEBUG:colcon.colcon_core.shell:Skip shell extension 'dsv' for command environment
[2.887s] DEBUG:colcon.colcon_core.event_handler.log_command:Invoking command in '/home/rmplplus/ros2_oct25/build/jdh_moveit': CMAKE_PREFIX_PATH=${CMAKE_PREFIX_PATH}:/home/rmplplus/ros2_oct25/install/my_robot:/home/rmplplus/ws_moveit/install/jdhmove_pkg:/home/rmplplus/ws_moveit/install/moveit_configs_utils:/home/rmplplus/ros2_ws/install/my_robot_controller:/opt/ros/humble /usr/bin/cmake --build /home/rmplplus/ros2_oct25/build/jdh_moveit -- -j8 -l8
[2.893s] DEBUG:colcon.colcon_core.event_handler.log_command:Invoking command in '/home/rmplplus/ros2_oct25/build/motaco_tutorial': CMAKE_PREFIX_PATH=${CMAKE_PREFIX_PATH}:/home/rmplplus/ros2_oct25/install/my_robot:/home/rmplplus/ws_moveit/install/jdhmove_pkg:/home/rmplplus/ws_moveit/install/moveit_configs_utils:/home/rmplplus/ros2_ws/install/my_robot_controller:/opt/ros/humble /usr/bin/cmake --build /home/rmplplus/ros2_oct25/build/motaco_tutorial -- -j8 -l8
[3.285s] INFO:colcon.colcon_core.task.python.build:Building Python package in '/home/rmplplus/ros2_oct25/src/my_robot'
[3.305s] INFO:colcon.colcon_core.shell:Skip shell extension 'powershell' for command environment: Not usable outside of PowerShell
[3.305s] DEBUG:colcon.colcon_core.shell:Skip shell extension 'dsv' for command environment
[3.433s] DEBUG:colcon.colcon_core.event_handler.log_command:Invoked command in '/home/rmplplus/ros2_oct25/build/jdh_moveit' returned '0': CMAKE_PREFIX_PATH=${CMAKE_PREFIX_PATH}:/home/rmplplus/ros2_oct25/install/my_robot:/home/rmplplus/ws_moveit/install/jdhmove_pkg:/home/rmplplus/ws_moveit/install/moveit_configs_utils:/home/rmplplus/ros2_ws/install/my_robot_controller:/opt/ros/humble /usr/bin/cmake --build /home/rmplplus/ros2_oct25/build/jdh_moveit -- -j8 -l8
[3.495s] DEBUG:colcon.colcon_core.event_handler.log_command:Invoking command in '/home/rmplplus/ros2_oct25/build/jdh_moveit': CMAKE_PREFIX_PATH=${CMAKE_PREFIX_PATH}:/home/rmplplus/ros2_oct25/install/my_robot:/home/rmplplus/ws_moveit/install/jdhmove_pkg:/home/rmplplus/ws_moveit/install/moveit_configs_utils:/home/rmplplus/ros2_ws/install/my_robot_controller:/opt/ros/humble /usr/bin/cmake --install /home/rmplplus/ros2_oct25/build/jdh_moveit
[3.510s] Level 1:colcon.colcon_core.environment:create_environment_scripts_only(jdh_moveit)
[3.511s] DEBUG:colcon.colcon_core.event_handler.log_command:Invoked command in '/home/rmplplus/ros2_oct25/build/jdh_moveit' returned '0': CMAKE_PREFIX_PATH=${CMAKE_PREFIX_PATH}:/home/rmplplus/ros2_oct25/install/my_robot:/home/rmplplus/ws_moveit/install/jdhmove_pkg:/home/rmplplus/ws_moveit/install/moveit_configs_utils:/home/rmplplus/ros2_ws/install/my_robot_controller:/opt/ros/humble /usr/bin/cmake --install /home/rmplplus/ros2_oct25/build/jdh_moveit
[3.537s] Level 1:colcon.colcon_core.environment:checking '/home/rmplplus/ros2_oct25/install/jdh_moveit' for CMake module files
[3.538s] Level 1:colcon.colcon_core.environment:checking '/home/rmplplus/ros2_oct25/install/jdh_moveit' for CMake config files
[3.538s] Level 1:colcon.colcon_core.shell:create_environment_hook('jdh_moveit', 'cmake_prefix_path')
[3.560s] INFO:colcon.colcon_core.shell:Creating environment hook '/home/rmplplus/ros2_oct25/install/jdh_moveit/share/jdh_moveit/hook/cmake_prefix_path.ps1'
[3.560s] INFO:colcon.colcon_core.shell:Creating environment descriptor '/home/rmplplus/ros2_oct25/install/jdh_moveit/share/jdh_moveit/hook/cmake_prefix_path.dsv'
[3.560s] INFO:colcon.colcon_core.shell:Creating environment hook '/home/rmplplus/ros2_oct25/install/jdh_moveit/share/jdh_moveit/hook/cmake_prefix_path.sh'
[3.561s] Level 1:colcon.colcon_core.environment:checking '/home/rmplplus/ros2_oct25/install/jdh_moveit/lib'
[3.561s] Level 1:colcon.colcon_core.environment:checking '/home/rmplplus/ros2_oct25/install/jdh_moveit/bin'
[3.561s] Level 1:colcon.colcon_core.environment:checking '/home/rmplplus/ros2_oct25/install/jdh_moveit/lib/pkgconfig/jdh_moveit.pc'
[3.562s] Level 1:colcon.colcon_core.environment:checking '/home/rmplplus/ros2_oct25/install/jdh_moveit/lib/python3.10/site-packages'
[3.562s] Level 1:colcon.colcon_core.environment:checking '/home/rmplplus/ros2_oct25/install/jdh_moveit/bin'
[3.584s] INFO:colcon.colcon_core.shell:Creating package script '/home/rmplplus/ros2_oct25/install/jdh_moveit/share/jdh_moveit/package.ps1'
[3.585s] INFO:colcon.colcon_core.shell:Creating package descriptor '/home/rmplplus/ros2_oct25/install/jdh_moveit/share/jdh_moveit/package.dsv'
[3.586s] INFO:colcon.colcon_core.shell:Creating package script '/home/rmplplus/ros2_oct25/install/jdh_moveit/share/jdh_moveit/package.sh'
[3.586s] INFO:colcon.colcon_core.shell:Creating package script '/home/rmplplus/ros2_oct25/install/jdh_moveit/share/jdh_moveit/package.bash'
[3.587s] INFO:colcon.colcon_core.shell:Creating package script '/home/rmplplus/ros2_oct25/install/jdh_moveit/share/jdh_moveit/package.zsh'
[3.588s] Level 1:colcon.colcon_core.environment:create_file_with_runtime_dependencies(/home/rmplplus/ros2_oct25/install/jdh_moveit/share/colcon-core/packages/jdh_moveit)
[3.659s] Level 1:colcon.colcon_core.environment:create_environment_scripts_only(jdh_moveit)
[3.680s] Level 1:colcon.colcon_core.environment:checking '/home/rmplplus/ros2_oct25/install/jdh_moveit' for CMake module files
[3.681s] Level 1:colcon.colcon_core.environment:checking '/home/rmplplus/ros2_oct25/install/jdh_moveit' for CMake config files
[3.681s] Level 1:colcon.colcon_core.shell:create_environment_hook('jdh_moveit', 'cmake_prefix_path')
[3.707s] INFO:colcon.colcon_core.shell:Creating environment hook '/home/rmplplus/ros2_oct25/install/jdh_moveit/share/jdh_moveit/hook/cmake_prefix_path.ps1'
[3.707s] INFO:colcon.colcon_core.shell:Creating environment descriptor '/home/rmplplus/ros2_oct25/install/jdh_moveit/share/jdh_moveit/hook/cmake_prefix_path.dsv'
[3.708s] INFO:colcon.colcon_core.shell:Creating environment hook '/home/rmplplus/ros2_oct25/install/jdh_moveit/share/jdh_moveit/hook/cmake_prefix_path.sh'
[3.708s] Level 1:colcon.colcon_core.environment:checking '/home/rmplplus/ros2_oct25/install/jdh_moveit/lib'
[3.708s] Level 1:colcon.colcon_core.environment:checking '/home/rmplplus/ros2_oct25/install/jdh_moveit/bin'
[3.709s] Level 1:colcon.colcon_core.environment:checking '/home/rmplplus/ros2_oct25/install/jdh_moveit/lib/pkgconfig/jdh_moveit.pc'
[3.709s] Level 1:colcon.colcon_core.environment:checking '/home/rmplplus/ros2_oct25/install/jdh_moveit/lib/python3.10/site-packages'
[3.709s] Level 1:colcon.colcon_core.environment:checking '/home/rmplplus/ros2_oct25/install/jdh_moveit/bin'
[3.733s] INFO:colcon.colcon_core.shell:Creating package script '/home/rmplplus/ros2_oct25/install/jdh_moveit/share/jdh_moveit/package.ps1'
[3.734s] INFO:colcon.colcon_core.shell:Creating package descriptor '/home/rmplplus/ros2_oct25/install/jdh_moveit/share/jdh_moveit/package.dsv'
[3.735s] INFO:colcon.colcon_core.shell:Creating package script '/home/rmplplus/ros2_oct25/install/jdh_moveit/share/jdh_moveit/package.sh'
[3.735s] INFO:colcon.colcon_core.shell:Creating package script '/home/rmplplus/ros2_oct25/install/jdh_moveit/share/jdh_moveit/package.bash'
[3.736s] INFO:colcon.colcon_core.shell:Creating package script '/home/rmplplus/ros2_oct25/install/jdh_moveit/share/jdh_moveit/package.zsh'
[3.736s] Level 1:colcon.colcon_core.environment:create_file_with_runtime_dependencies(/home/rmplplus/ros2_oct25/install/jdh_moveit/share/colcon-core/packages/jdh_moveit)
[3.950s] DEBUG:colcon.colcon_core.event_handler.log_command:Invoking command in '/home/rmplplus/ros2_oct25/src/my_robot': PYTHONPATH=/home/rmplplus/ros2_oct25/build/my_robot/prefix_override:/home/rmplplus/ros2_oct25/install/my_robot/lib/python3.10/site-packages:${PYTHONPATH} /usr/bin/python3 setup.py egg_info --egg-base ../../build/my_robot build --build-base /home/rmplplus/ros2_oct25/build/my_robot/build install --record /home/rmplplus/ros2_oct25/build/my_robot/install.log --single-version-externally-managed
[4.357s] DEBUG:colcon.colcon_core.event_handler.log_command:Invoked command in '/home/rmplplus/ros2_oct25/src/my_robot' returned '0': PYTHONPATH=/home/rmplplus/ros2_oct25/build/my_robot/prefix_override:/home/rmplplus/ros2_oct25/install/my_robot/lib/python3.10/site-packages:${PYTHONPATH} /usr/bin/python3 setup.py egg_info --egg-base ../../build/my_robot build --build-base /home/rmplplus/ros2_oct25/build/my_robot/build install --record /home/rmplplus/ros2_oct25/build/my_robot/install.log --single-version-externally-managed
[4.380s] Level 1:colcon.colcon_core.environment:checking '/home/rmplplus/ros2_oct25/install/my_robot' for CMake module files
[4.381s] Level 1:colcon.colcon_core.environment:checking '/home/rmplplus/ros2_oct25/install/my_robot' for CMake config files
[4.381s] Level 1:colcon.colcon_core.environment:checking '/home/rmplplus/ros2_oct25/install/my_robot/lib'
[4.381s] Level 1:colcon.colcon_core.environment:checking '/home/rmplplus/ros2_oct25/install/my_robot/bin'
[4.381s] Level 1:colcon.colcon_core.environment:checking '/home/rmplplus/ros2_oct25/install/my_robot/lib/pkgconfig/my_robot.pc'
[4.381s] Level 1:colcon.colcon_core.environment:checking '/home/rmplplus/ros2_oct25/install/my_robot/lib/python3.10/site-packages'
[4.382s] Level 1:colcon.colcon_core.shell:create_environment_hook('my_robot', 'pythonpath')
[4.402s] INFO:colcon.colcon_core.shell:Creating environment hook '/home/rmplplus/ros2_oct25/install/my_robot/share/my_robot/hook/pythonpath.ps1'
[4.403s] INFO:colcon.colcon_core.shell:Creating environment descriptor '/home/rmplplus/ros2_oct25/install/my_robot/share/my_robot/hook/pythonpath.dsv'
[4.403s] INFO:colcon.colcon_core.shell:Creating environment hook '/home/rmplplus/ros2_oct25/install/my_robot/share/my_robot/hook/pythonpath.sh'
[4.404s] Level 1:colcon.colcon_core.environment:checking '/home/rmplplus/ros2_oct25/install/my_robot/bin'
[4.404s] Level 1:colcon.colcon_core.environment:create_environment_scripts_only(my_robot)
[4.425s] INFO:colcon.colcon_core.shell:Creating package script '/home/rmplplus/ros2_oct25/install/my_robot/share/my_robot/package.ps1'
[4.426s] INFO:colcon.colcon_core.shell:Creating package descriptor '/home/rmplplus/ros2_oct25/install/my_robot/share/my_robot/package.dsv'
[4.426s] INFO:colcon.colcon_core.shell:Creating package script '/home/rmplplus/ros2_oct25/install/my_robot/share/my_robot/package.sh'
[4.426s] INFO:colcon.colcon_core.shell:Creating package script '/home/rmplplus/ros2_oct25/install/my_robot/share/my_robot/package.bash'
[4.427s] INFO:colcon.colcon_core.shell:Creating package script '/home/rmplplus/ros2_oct25/install/my_robot/share/my_robot/package.zsh'
[4.427s] Level 1:colcon.colcon_core.environment:create_file_with_runtime_dependencies(/home/rmplplus/ros2_oct25/install/my_robot/share/colcon-core/packages/my_robot)
[15.933s] DEBUG:colcon.colcon_core.event_handler.log_command:Invoked command in '/home/rmplplus/ros2_oct25/build/motaco_tutorial' returned '0': CMAKE_PREFIX_PATH=${CMAKE_PREFIX_PATH}:/home/rmplplus/ros2_oct25/install/my_robot:/home/rmplplus/ws_moveit/install/jdhmove_pkg:/home/rmplplus/ws_moveit/install/moveit_configs_utils:/home/rmplplus/ros2_ws/install/my_robot_controller:/opt/ros/humble /usr/bin/cmake --build /home/rmplplus/ros2_oct25/build/motaco_tutorial -- -j8 -l8
[15.981s] DEBUG:colcon.colcon_core.event_handler.log_command:Invoking command in '/home/rmplplus/ros2_oct25/build/motaco_tutorial': CMAKE_PREFIX_PATH=${CMAKE_PREFIX_PATH}:/home/rmplplus/ros2_oct25/install/my_robot:/home/rmplplus/ws_moveit/install/jdhmove_pkg:/home/rmplplus/ws_moveit/install/moveit_configs_utils:/home/rmplplus/ros2_ws/install/my_robot_controller:/opt/ros/humble /usr/bin/cmake --install /home/rmplplus/ros2_oct25/build/motaco_tutorial
[15.998s] Level 1:colcon.colcon_core.environment:create_environment_scripts_only(motaco_tutorial)
[15.999s] DEBUG:colcon.colcon_core.event_handler.log_command:Invoked command in '/home/rmplplus/ros2_oct25/build/motaco_tutorial' returned '0': CMAKE_PREFIX_PATH=${CMAKE_PREFIX_PATH}:/home/rmplplus/ros2_oct25/install/my_robot:/home/rmplplus/ws_moveit/install/jdhmove_pkg:/home/rmplplus/ws_moveit/install/moveit_configs_utils:/home/rmplplus/ros2_ws/install/my_robot_controller:/opt/ros/humble /usr/bin/cmake --install /home/rmplplus/ros2_oct25/build/motaco_tutorial
[16.021s] Level 1:colcon.colcon_core.environment:checking '/home/rmplplus/ros2_oct25/install/motaco_tutorial' for CMake module files
[16.021s] Level 1:colcon.colcon_core.environment:checking '/home/rmplplus/ros2_oct25/install/motaco_tutorial' for CMake config files
[16.022s] Level 1:colcon.colcon_core.shell:create_environment_hook('motaco_tutorial', 'cmake_prefix_path')
[16.044s] INFO:colcon.colcon_core.shell:Creating environment hook '/home/rmplplus/ros2_oct25/install/motaco_tutorial/share/motaco_tutorial/hook/cmake_prefix_path.ps1'
[16.044s] INFO:colcon.colcon_core.shell:Creating environment descriptor '/home/rmplplus/ros2_oct25/install/motaco_tutorial/share/motaco_tutorial/hook/cmake_prefix_path.dsv'
[16.045s] INFO:colcon.colcon_core.shell:Creating environment hook '/home/rmplplus/ros2_oct25/install/motaco_tutorial/share/motaco_tutorial/hook/cmake_prefix_path.sh'
[16.045s] Level 1:colcon.colcon_core.environment:checking '/home/rmplplus/ros2_oct25/install/motaco_tutorial/lib'
[16.045s] Level 1:colcon.colcon_core.environment:checking '/home/rmplplus/ros2_oct25/install/motaco_tutorial/bin'
[16.045s] Level 1:colcon.colcon_core.environment:checking '/home/rmplplus/ros2_oct25/install/motaco_tutorial/lib/pkgconfig/motaco_tutorial.pc'
[16.046s] Level 1:colcon.colcon_core.environment:checking '/home/rmplplus/ros2_oct25/install/motaco_tutorial/lib/python3.10/site-packages'
[16.046s] Level 1:colcon.colcon_core.environment:checking '/home/rmplplus/ros2_oct25/install/motaco_tutorial/bin'
[16.068s] INFO:colcon.colcon_core.shell:Creating package script '/home/rmplplus/ros2_oct25/install/motaco_tutorial/share/motaco_tutorial/package.ps1'
[16.069s] INFO:colcon.colcon_core.shell:Creating package descriptor '/home/rmplplus/ros2_oct25/install/motaco_tutorial/share/motaco_tutorial/package.dsv'
[16.069s] INFO:colcon.colcon_core.shell:Creating package script '/home/rmplplus/ros2_oct25/install/motaco_tutorial/share/motaco_tutorial/package.sh'
[16.069s] INFO:colcon.colcon_core.shell:Creating package script '/home/rmplplus/ros2_oct25/install/motaco_tutorial/share/motaco_tutorial/package.bash'
[16.070s] INFO:colcon.colcon_core.shell:Creating package script '/home/rmplplus/ros2_oct25/install/motaco_tutorial/share/motaco_tutorial/package.zsh'
[16.070s] Level 1:colcon.colcon_core.environment:create_file_with_runtime_dependencies(/home/rmplplus/ros2_oct25/install/motaco_tutorial/share/colcon-core/packages/motaco_tutorial)
[16.138s] Level 1:colcon.colcon_core.environment:create_environment_scripts_only(motaco_tutorial)
[16.159s] Level 1:colcon.colcon_core.environment:checking '/home/rmplplus/ros2_oct25/install/motaco_tutorial' for CMake module files
[16.159s] Level 1:colcon.colcon_core.environment:checking '/home/rmplplus/ros2_oct25/install/motaco_tutorial' for CMake config files
[16.160s] Level 1:colcon.colcon_core.shell:create_environment_hook('motaco_tutorial', 'cmake_prefix_path')
[16.182s] INFO:colcon.colcon_core.shell:Creating environment hook '/home/rmplplus/ros2_oct25/install/motaco_tutorial/share/motaco_tutorial/hook/cmake_prefix_path.ps1'
[16.183s] INFO:colcon.colcon_core.shell:Creating environment descriptor '/home/rmplplus/ros2_oct25/install/motaco_tutorial/share/motaco_tutorial/hook/cmake_prefix_path.dsv'
[16.183s] INFO:colcon.colcon_core.shell:Creating environment hook '/home/rmplplus/ros2_oct25/install/motaco_tutorial/share/motaco_tutorial/hook/cmake_prefix_path.sh'
[16.184s] Level 1:colcon.colcon_core.environment:checking '/home/rmplplus/ros2_oct25/install/motaco_tutorial/lib'
[16.184s] Level 1:colcon.colcon_core.environment:checking '/home/rmplplus/ros2_oct25/install/motaco_tutorial/bin'
[16.184s] Level 1:colcon.colcon_core.environment:checking '/home/rmplplus/ros2_oct25/install/motaco_tutorial/lib/pkgconfig/motaco_tutorial.pc'
[16.184s] Level 1:colcon.colcon_core.environment:checking '/home/rmplplus/ros2_oct25/install/motaco_tutorial/lib/python3.10/site-packages'
[16.184s] Level 1:colcon.colcon_core.environment:checking '/home/rmplplus/ros2_oct25/install/motaco_tutorial/bin'
[16.207s] INFO:colcon.colcon_core.shell:Creating package script '/home/rmplplus/ros2_oct25/install/motaco_tutorial/share/motaco_tutorial/package.ps1'
[16.207s] INFO:colcon.colcon_core.shell:Creating package descriptor '/home/rmplplus/ros2_oct25/install/motaco_tutorial/share/motaco_tutorial/package.dsv'
[16.208s] INFO:colcon.colcon_core.shell:Creating package script '/home/rmplplus/ros2_oct25/install/motaco_tutorial/share/motaco_tutorial/package.sh'
[16.208s] INFO:colcon.colcon_core.shell:Creating package script '/home/rmplplus/ros2_oct25/install/motaco_tutorial/share/motaco_tutorial/package.bash'
[16.209s] INFO:colcon.colcon_core.shell:Creating package script '/home/rmplplus/ros2_oct25/install/motaco_tutorial/share/motaco_tutorial/package.zsh'
[16.209s] Level 1:colcon.colcon_core.environment:create_file_with_runtime_dependencies(/home/rmplplus/ros2_oct25/install/motaco_tutorial/share/colcon-core/packages/motaco_tutorial)
[16.209s] DEBUG:colcon.colcon_parallel_executor.executor.parallel:closing loop
[16.210s] DEBUG:colcon.colcon_parallel_executor.executor.parallel:loop closed
[16.210s] DEBUG:colcon.colcon_parallel_executor.executor.parallel:run_until_complete finished with '0'
[16.210s] DEBUG:colcon.colcon_core.event_reactor:joining thread
[16.238s] INFO:colcon.colcon_core.plugin_system:Skipping extension 'colcon_notification.desktop_notification.terminal_notifier': Not used on non-Darwin systems
[16.238s] INFO:colcon.colcon_core.plugin_system:Skipping extension 'colcon_notification.desktop_notification.win32': Not used on non-Windows systems
[16.238s] INFO:colcon.colcon_notification.desktop_notification:Sending desktop notification using 'notify2'
[16.252s] DEBUG:colcon.colcon_core.event_reactor:joined thread
[16.277s] INFO:colcon.colcon_core.shell:Creating prefix script '/home/rmplplus/ros2_oct25/install/local_setup.ps1'
[16.278s] INFO:colcon.colcon_core.shell:Creating prefix util module '/home/rmplplus/ros2_oct25/install/_local_setup_util_ps1.py'
[16.279s] INFO:colcon.colcon_core.shell:Creating prefix chain script '/home/rmplplus/ros2_oct25/install/setup.ps1'
[16.305s] INFO:colcon.colcon_core.shell:Creating prefix script '/home/rmplplus/ros2_oct25/install/local_setup.sh'
[16.306s] INFO:colcon.colcon_core.shell:Creating prefix util module '/home/rmplplus/ros2_oct25/install/_local_setup_util_sh.py'
[16.306s] INFO:colcon.colcon_core.shell:Creating prefix chain script '/home/rmplplus/ros2_oct25/install/setup.sh'
[16.332s] INFO:colcon.colcon_core.shell:Creating prefix script '/home/rmplplus/ros2_oct25/install/local_setup.bash'
[16.332s] INFO:colcon.colcon_core.shell:Creating prefix chain script '/home/rmplplus/ros2_oct25/install/setup.bash'
[16.360s] INFO:colcon.colcon_core.shell:Creating prefix script '/home/rmplplus/ros2_oct25/install/local_setup.zsh'
[16.361s] INFO:colcon.colcon_core.shell:Creating prefix chain script '/home/rmplplus/ros2_oct25/install/setup.zsh'
